{"/Users/radiumrocket30/projects/typescriptCourse/src/Components/UpdateClientsForm/index.tsx": {"path":"/Users/radiumrocket30/projects/typescriptCourse/src/Components/UpdateClientsForm/index.tsx","statementMap":{"0":{"start":{"line":14,"column":43},"end":{"line":76,"column":1}},"1":{"start":{"line":20,"column":4},"end":{"line":20,"column":74}},"2":{"start":{"line":22,"column":46},"end":{"line":28,"column":3}},"3":{"start":{"line":23,"column":4},"end":{"line":26,"column":7}},"4":{"start":{"line":27,"column":4},"end":{"line":27,"column":20}},"5":{"start":{"line":35,"column":6},"end":{"line":35,"column":27}},"6":{"start":{"line":37,"column":2},"end":{"line":40,"column":25}},"7":{"start":{"line":38,"column":4},"end":{"line":38,"column":34}},"8":{"start":{"line":39,"column":4},"end":{"line":39,"column":36}},"9":{"start":{"line":42,"column":2},"end":{"line":75,"column":4}}},"fnMap":{"0":{"name":"(anonymous_0)","decl":{"start":{"line":14,"column":43},"end":{"line":14,"column":44}},"loc":{"start":{"line":18,"column":6},"end":{"line":76,"column":1}},"line":18},"1":{"name":"(anonymous_1)","decl":{"start":{"line":22,"column":46},"end":{"line":22,"column":47}},"loc":{"start":{"line":22,"column":54},"end":{"line":28,"column":3}},"line":22},"2":{"name":"(anonymous_2)","decl":{"start":{"line":37,"column":12},"end":{"line":37,"column":13}},"loc":{"start":{"line":37,"column":18},"end":{"line":40,"column":3}},"line":37}},"branchMap":{},"s":{"0":1,"1":0,"2":0,"3":0,"4":0,"5":0,"6":0,"7":0,"8":0,"9":0},"f":{"0":0,"1":0,"2":0},"b":{},"_coverageSchema":"1a1c01bbd47fc00a2c39e90264f33305004495a9","hash":"02c3a88254b3ac030e7279541a3018add4f1e79e"}
,"/Users/radiumrocket30/projects/typescriptCourse/src/Components/shared/CustomButton/index.tsx": {"path":"/Users/radiumrocket30/projects/typescriptCourse/src/Components/shared/CustomButton/index.tsx","statementMap":{"0":{"start":{"line":10,"column":38},"end":{"line":16,"column":1}},"1":{"start":{"line":11,"column":2},"end":{"line":15,"column":4}},"2":{"start":{"line":18,"column":15},"end":{"line":32,"column":2}}},"fnMap":{"0":{"name":"(anonymous_0)","decl":{"start":{"line":10,"column":38},"end":{"line":10,"column":39}},"loc":{"start":{"line":10,"column":67},"end":{"line":16,"column":1}},"line":10}},"branchMap":{},"s":{"0":2,"1":1,"2":2},"f":{"0":1},"b":{},"_coverageSchema":"1a1c01bbd47fc00a2c39e90264f33305004495a9","hash":"6f50e1f42182db8ec6a56188a48a50b36a98295c"}
,"/Users/radiumrocket30/projects/typescriptCourse/src/Components/shared/CustomInput/index.tsx": {"path":"/Users/radiumrocket30/projects/typescriptCourse/src/Components/shared/CustomInput/index.tsx","statementMap":{"0":{"start":{"line":20,"column":37},"end":{"line":59,"column":1}},"1":{"start":{"line":28,"column":2},"end":{"line":58,"column":4}},"2":{"start":{"line":34,"column":8},"end":{"line":55,"column":11}},"3":{"start":{"line":61,"column":15},"end":{"line":78,"column":2}}},"fnMap":{"0":{"name":"(anonymous_0)","decl":{"start":{"line":20,"column":37},"end":{"line":20,"column":38}},"loc":{"start":{"line":27,"column":6},"end":{"line":59,"column":1}},"line":27},"1":{"name":"(anonymous_1)","decl":{"start":{"line":33,"column":14},"end":{"line":33,"column":15}},"loc":{"start":{"line":34,"column":8},"end":{"line":55,"column":11}},"line":34}},"branchMap":{"0":{"loc":{"start":{"line":23,"column":2},"end":{"line":23,"column":12}},"type":"default-arg","locations":[{"start":{"line":23,"column":10},"end":{"line":23,"column":12}}],"line":23},"1":{"loc":{"start":{"line":25,"column":2},"end":{"line":25,"column":26}},"type":"default-arg","locations":[{"start":{"line":25,"column":17},"end":{"line":25,"column":26}}],"line":25},"2":{"loc":{"start":{"line":39,"column":28},"end":{"line":39,"column":53}},"type":"cond-expr","locations":[{"start":{"line":39,"column":36},"end":{"line":39,"column":41}},{"start":{"line":39,"column":44},"end":{"line":39,"column":53}}],"line":39},"3":{"loc":{"start":{"line":52,"column":11},"end":{"line":54,"column":11}},"type":"binary-expr","locations":[{"start":{"line":52,"column":11},"end":{"line":52,"column":16}},{"start":{"line":53,"column":12},"end":{"line":53,"column":76}}],"line":52},"4":{"loc":{"start":{"line":53,"column":44},"end":{"line":53,"column":68}},"type":"binary-expr","locations":[{"start":{"line":53,"column":44},"end":{"line":53,"column":57}},{"start":{"line":53,"column":61},"end":{"line":53,"column":68}}],"line":53}},"s":{"0":1,"1":0,"2":0,"3":1},"f":{"0":0,"1":0},"b":{"0":[0],"1":[0],"2":[0,0],"3":[0,0],"4":[0,0]},"_coverageSchema":"1a1c01bbd47fc00a2c39e90264f33305004495a9","hash":"ab449aa74dfe93f4d67e0409404299b1ff107d70"}
,"/Users/radiumrocket30/projects/typescriptCourse/src/Components/shared/ListItem/index.tsx": {"path":"/Users/radiumrocket30/projects/typescriptCourse/src/Components/shared/ListItem/index.tsx","statementMap":{"0":{"start":{"line":14,"column":34},"end":{"line":62,"column":1}},"1":{"start":{"line":20,"column":38},"end":{"line":20,"column":53}},"2":{"start":{"line":22,"column":19},"end":{"line":24,"column":3}},"3":{"start":{"line":23,"column":4},"end":{"line":23,"column":24}},"4":{"start":{"line":26,"column":24},"end":{"line":28,"column":3}},"5":{"start":{"line":27,"column":4},"end":{"line":27,"column":25}},"6":{"start":{"line":30,"column":2},"end":{"line":61,"column":4}},"7":{"start":{"line":64,"column":15},"end":{"line":95,"column":2}}},"fnMap":{"0":{"name":"(anonymous_0)","decl":{"start":{"line":14,"column":34},"end":{"line":14,"column":35}},"loc":{"start":{"line":19,"column":6},"end":{"line":62,"column":1}},"line":19},"1":{"name":"(anonymous_1)","decl":{"start":{"line":22,"column":19},"end":{"line":22,"column":20}},"loc":{"start":{"line":22,"column":25},"end":{"line":24,"column":3}},"line":22},"2":{"name":"(anonymous_2)","decl":{"start":{"line":26,"column":24},"end":{"line":26,"column":25}},"loc":{"start":{"line":26,"column":30},"end":{"line":28,"column":3}},"line":26}},"branchMap":{"0":{"loc":{"start":{"line":32,"column":7},"end":{"line":59,"column":7}},"type":"cond-expr","locations":[{"start":{"line":33,"column":8},"end":{"line":37,"column":10}},{"start":{"line":39,"column":8},"end":{"line":58,"column":11}}],"line":32}},"s":{"0":1,"1":1,"2":1,"3":0,"4":1,"5":0,"6":1,"7":1},"f":{"0":1,"1":0,"2":0},"b":{"0":[0,1]},"_coverageSchema":"1a1c01bbd47fc00a2c39e90264f33305004495a9","hash":"f9f33eb14f5cbdff07c28bdb725d12c6ab76bc57"}
}
